#
# There is insufficient memory for the Java Runtime Environment to continue.
# Native memory allocation (malloc) failed to allocate 918336 bytes for Chunk::new
# Possible reasons:
#   The system is out of physical RAM or swap space
#   The process is running with CompressedOops enabled, and the Java Heap may be blocking the growth of the native heap
# Possible solutions:
#   Reduce memory load on the system
#   Increase physical memory or swap space
#   Check if swap backing store is full
#   Decrease Java heap size (-Xmx/-Xms)
#   Decrease number of Java threads
#   Decrease Java thread stack sizes (-Xss)
#   Set larger code cache with -XX:ReservedCodeCacheSize=
#   JVM is running with Unscaled Compressed Oops mode in which the Java heap is
#     placed in the first 4GB address space. The Java Heap base address is the
#     maximum limit for the native heap growth. Please use -XX:HeapBaseMinAddress
#     to set the Java Heap base and to place the Java Heap above 4GB virtual address.
# This output file may be truncated or incomplete.
#
#  Out of Memory Error (allocation.cpp:389), pid=10832, tid=0x0000000000000970
#
# JRE version: OpenJDK Runtime Environment (8.0_242-b01) (build 1.8.0_242-release-1644-b01)
# Java VM: OpenJDK 64-Bit Server VM (25.242-b01 mixed mode windows-amd64 compressed oops)
# Failed to write core dump. Minidumps are not enabled by default on client versions of Windows
#

---------------  T H R E A D  ---------------

Current thread (0x000000001884b800):  JavaThread "C2 CompilerThread1" daemon [_thread_in_native, id=2416, stack(0x000000001b000000,0x000000001b100000)]

Stack: [0x000000001b000000,0x000000001b100000]
[error occurred during error reporting (printing stack bounds), id 0xc0000005]

Native frames: (J=compiled Java code, j=interpreted, Vv=VM code, C=native code)


Current CompileTask:
C2:   6050 5041 %     4       org.gradle.internal.instantiation.generator.AbstractClassGenerator::inspectType @ 107 (560 bytes)


---------------  P R O C E S S  ---------------

Java Threads: ( => current thread )
  0x000000001dad6800 JavaThread "Cache worker for file content cache (D:\Users\rthiruvengadam\AndroidStudioProjects\MyFirstApp\.gradle\6.5\fileContent)" [_thread_blocked, id=4036, stack(0x000000002c390000,0x000000002c490000)]
  0x000000001dad4000 JavaThread "Memory manager" [_thread_blocked, id=13336, stack(0x000000002af00000,0x000000002b000000)]
  0x0000000022787800 JavaThread "Cache worker for Build Output Cleanup Cache (D:\Users\rthiruvengadam\AndroidStudioProjects\MyFirstApp\.gradle\buildOutputCleanup)" [_thread_blocked, id=14064, stack(0x000000002b490000,0x000000002b590000)]
  0x0000000022787000 JavaThread "jar transforms Thread 92" [_thread_blocked, id=18712, stack(0x000000002b390000,0x000000002b490000)]
  0x0000000022786000 JavaThread "jar transforms Thread 91" [_thread_blocked, id=18280, stack(0x000000002b290000,0x000000002b390000)]
  0x000000002278a800 JavaThread "jar transforms Thread 90" [_thread_blocked, id=20404, stack(0x000000002b190000,0x000000002b290000)]
  0x0000000022788800 JavaThread "jar transforms Thread 89" [_thread_blocked, id=12784, stack(0x000000002b090000,0x000000002b190000)]
  0x000000002278b800 JavaThread "jar transforms Thread 88" [_thread_blocked, id=19244, stack(0x00000000269e0000,0x0000000026ae0000)]
  0x0000000022789000 JavaThread "jar transforms Thread 87" [_thread_blocked, id=11100, stack(0x000000002ae00000,0x000000002af00000)]
  0x000000002277e800 JavaThread "jar transforms Thread 86" [_thread_blocked, id=15308, stack(0x000000002ad00000,0x000000002ae00000)]
  0x0000000022782800 JavaThread "jar transforms Thread 85" [_thread_blocked, id=17908, stack(0x000000002ac00000,0x000000002ad00000)]
  0x0000000022785800 JavaThread "jar transforms Thread 84" [_thread_blocked, id=18196, stack(0x000000002ab00000,0x000000002ac00000)]
  0x000000002277e000 JavaThread "jar transforms Thread 83" [_thread_blocked, id=16204, stack(0x000000002aa00000,0x000000002ab00000)]
  0x0000000022784800 JavaThread "jar transforms Thread 82" [_thread_blocked, id=11468, stack(0x000000002a900000,0x000000002aa00000)]
  0x0000000022781800 JavaThread "jar transforms Thread 81" [_thread_blocked, id=2392, stack(0x000000002a800000,0x000000002a900000)]
  0x0000000022781000 JavaThread "jar transforms Thread 80" [_thread_blocked, id=464, stack(0x000000002a700000,0x000000002a800000)]
  0x000000002277d000 JavaThread "jar transforms Thread 79" [_thread_blocked, id=19852, stack(0x000000002a600000,0x000000002a700000)]
  0x000000002277f800 JavaThread "jar transforms Thread 78" [_thread_blocked, id=1104, stack(0x000000002a500000,0x000000002a600000)]
  0x0000000022784000 JavaThread "jar transforms Thread 77" [_thread_blocked, id=10440, stack(0x000000002a400000,0x000000002a500000)]
  0x000000002277c800 JavaThread "jar transforms Thread 76" [_thread_blocked, id=19444, stack(0x000000002a300000,0x000000002a400000)]
  0x0000000022783000 JavaThread "jar transforms Thread 75" [_thread_blocked, id=17500, stack(0x000000002a200000,0x000000002a300000)]
  0x0000000022780000 JavaThread "jar transforms Thread 74" [_thread_blocked, id=952, stack(0x000000002a100000,0x000000002a200000)]
  0x00000000229fe000 JavaThread "jar transforms Thread 73" [_thread_blocked, id=15204, stack(0x000000002a000000,0x000000002a100000)]
  0x0000000022a05000 JavaThread "jar transforms Thread 72" [_thread_blocked, id=14588, stack(0x0000000029f00000,0x000000002a000000)]
  0x0000000022a04000 JavaThread "jar transforms Thread 71" [_thread_blocked, id=17104, stack(0x0000000029e00000,0x0000000029f00000)]
  0x0000000022a03800 JavaThread "jar transforms Thread 70" [_thread_blocked, id=15028, stack(0x0000000029d00000,0x0000000029e00000)]
  0x0000000022a00800 JavaThread "jar transforms Thread 69" [_thread_blocked, id=15060, stack(0x0000000029c00000,0x0000000029d00000)]
  0x0000000022a02800 JavaThread "jar transforms Thread 68" [_thread_blocked, id=13492, stack(0x0000000029b00000,0x0000000029c00000)]
  0x0000000022a01000 JavaThread "jar transforms Thread 67" [_thread_blocked, id=18308, stack(0x0000000029a00000,0x0000000029b00000)]
  0x0000000022a02000 JavaThread "jar transforms Thread 66" [_thread_blocked, id=4964, stack(0x0000000029900000,0x0000000029a00000)]
  0x00000000229ff800 JavaThread "jar transforms Thread 65" [_thread_blocked, id=19428, stack(0x0000000029800000,0x0000000029900000)]
  0x00000000229ff000 JavaThread "jar transforms Thread 64" [_thread_blocked, id=10972, stack(0x0000000029700000,0x0000000029800000)]
  0x00000000229f6800 JavaThread "jar transforms Thread 63" [_thread_blocked, id=17968, stack(0x0000000029600000,0x0000000029700000)]
  0x00000000229f9800 JavaThread "jar transforms Thread 62" [_thread_blocked, id=10268, stack(0x0000000029500000,0x0000000029600000)]
  0x00000000229fd800 JavaThread "jar transforms Thread 61" [_thread_blocked, id=10500, stack(0x0000000029400000,0x0000000029500000)]
  0x00000000229fb000 JavaThread "jar transforms Thread 60" [_thread_blocked, id=3140, stack(0x0000000029300000,0x0000000029400000)]
  0x00000000229f9000 JavaThread "jar transforms Thread 59" [_thread_blocked, id=19532, stack(0x0000000029200000,0x0000000029300000)]
  0x00000000229fc000 JavaThread "jar transforms Thread 58" [_thread_blocked, id=9760, stack(0x0000000029100000,0x0000000029200000)]
  0x00000000229f5800 JavaThread "jar transforms Thread 57" [_thread_blocked, id=19616, stack(0x0000000029000000,0x0000000029100000)]
  0x00000000229fc800 JavaThread "jar transforms Thread 56" [_thread_blocked, id=14004, stack(0x0000000028f00000,0x0000000029000000)]
  0x00000000229f8000 JavaThread "jar transforms Thread 55" [_thread_blocked, id=1348, stack(0x0000000028e00000,0x0000000028f00000)]
  0x00000000229fa800 JavaThread "jar transforms Thread 54" [_thread_blocked, id=12816, stack(0x0000000028d00000,0x0000000028e00000)]
  0x00000000229f7000 JavaThread "jar transforms Thread 53" [_thread_blocked, id=13900, stack(0x0000000028c00000,0x0000000028d00000)]
  0x000000002291a800 JavaThread "jar transforms Thread 52" [_thread_blocked, id=17288, stack(0x0000000028b00000,0x0000000028c00000)]
  0x0000000022919000 JavaThread "jar transforms Thread 51" [_thread_blocked, id=19984, stack(0x0000000028a00000,0x0000000028b00000)]
  0x0000000022918000 JavaThread "jar transforms Thread 50" [_thread_blocked, id=13568, stack(0x0000000028900000,0x0000000028a00000)]
  0x000000002291a000 JavaThread "jar transforms Thread 49" [_thread_blocked, id=17852, stack(0x0000000028800000,0x0000000028900000)]
  0x0000000022915000 JavaThread "jar transforms Thread 48" [_thread_blocked, id=11648, stack(0x0000000028700000,0x0000000028800000)]
  0x0000000022910800 JavaThread "jar transforms Thread 47" [_thread_blocked, id=13904, stack(0x0000000028600000,0x0000000028700000)]
  0x0000000022917800 JavaThread "jar transforms Thread 46" [_thread_blocked, id=2256, stack(0x0000000028500000,0x0000000028600000)]
  0x0000000022916800 JavaThread "jar transforms Thread 45" [_thread_blocked, id=20124, stack(0x0000000028400000,0x0000000028500000)]
  0x0000000022913000 JavaThread "jar transforms Thread 44" [_thread_blocked, id=16332, stack(0x0000000028300000,0x0000000028400000)]
  0x0000000022916000 JavaThread "jar transforms Thread 43" [_thread_blocked, id=17556, stack(0x0000000028200000,0x0000000028300000)]
  0x0000000022913800 JavaThread "jar transforms Thread 42" [_thread_blocked, id=15956, stack(0x0000000028100000,0x0000000028200000)]
  0x0000000022910000 JavaThread "jar transforms Thread 41" [_thread_blocked, id=20412, stack(0x0000000028000000,0x0000000028100000)]
  0x0000000022914800 JavaThread "jar transforms Thread 40" [_thread_blocked, id=6468, stack(0x0000000027f00000,0x0000000028000000)]
  0x000000002290c000 JavaThread "jar transforms Thread 39" [_thread_blocked, id=4924, stack(0x0000000027e00000,0x0000000027f00000)]
  0x000000002290b800 JavaThread "jar transforms Thread 38" [_thread_blocked, id=19900, stack(0x0000000027d00000,0x0000000027e00000)]
  0x0000000022912000 JavaThread "jar transforms Thread 37" [_thread_blocked, id=14672, stack(0x0000000027c00000,0x0000000027d00000)]
  0x000000002290f000 JavaThread "jar transforms Thread 36" [_thread_blocked, id=19744, stack(0x0000000027b00000,0x0000000027c00000)]
  0x0000000022911800 JavaThread "jar transforms Thread 35" [_thread_blocked, id=16872, stack(0x0000000027a00000,0x0000000027b00000)]
  0x000000002290e800 JavaThread "jar transforms Thread 34" [_thread_blocked, id=19660, stack(0x0000000027900000,0x0000000027a00000)]
  0x000000002290d000 JavaThread "jar transforms Thread 33" [_thread_blocked, id=19904, stack(0x0000000027800000,0x0000000027900000)]
  0x000000002290d800 JavaThread "jar transforms Thread 32" [_thread_blocked, id=20424, stack(0x0000000027700000,0x0000000027800000)]
  0x000000001d5d1800 JavaThread "jar transforms Thread 31" [_thread_blocked, id=20360, stack(0x0000000027600000,0x0000000027700000)]
  0x000000001d5d1000 JavaThread "jar transforms Thread 30" [_thread_blocked, id=13428, stack(0x0000000027500000,0x0000000027600000)]
  0x000000001d5d0000 JavaThread "jar transforms Thread 29" [_thread_blocked, id=15148, stack(0x0000000027400000,0x0000000027500000)]
  0x000000001d5d7000 JavaThread "jar transforms Thread 28" [_thread_blocked, id=13136, stack(0x0000000027300000,0x0000000027400000)]
  0x000000001d5cf800 JavaThread "jar transforms Thread 27" [_thread_blocked, id=13704, stack(0x0000000027200000,0x0000000027300000)]
  0x000000001d5d4000 JavaThread "jar transforms Thread 26" [_thread_blocked, id=17888, stack(0x0000000027100000,0x0000000027200000)]
  0x000000001d5d5800 JavaThread "jar transforms Thread 25" [_thread_blocked, id=6596, stack(0x0000000027000000,0x0000000027100000)]
  0x000000001d5d3000 JavaThread "jar transforms Thread 24" [_thread_blocked, id=19564, stack(0x0000000026f00000,0x0000000027000000)]
  0x000000001d5d4800 JavaThread "jar transforms Thread 23" [_thread_blocked, id=17180, stack(0x0000000026e00000,0x0000000026f00000)]
  0x000000001d5d6000 JavaThread "jar transforms Thread 22" [_thread_blocked, id=16820, stack(0x0000000026d00000,0x0000000026e00000)]
  0x000000001d5d2800 JavaThread "jar transforms Thread 21" [_thread_blocked, id=3476, stack(0x0000000026c00000,0x0000000026d00000)]
  0x000000001d5c8000 JavaThread "jar transforms Thread 20" [_thread_blocked, id=18808, stack(0x0000000026b00000,0x0000000026c00000)]
  0x000000001d5ce800 JavaThread "jar transforms Thread 19" [_thread_blocked, id=20224, stack(0x00000000266b0000,0x00000000267b0000)]
  0x000000001d5ce000 JavaThread "jar transforms Thread 18" [_thread_blocked, id=14616, stack(0x00000000265b0000,0x00000000266b0000)]
  0x000000001d5c9800 JavaThread "jar transforms Thread 17" [_thread_blocked, id=13920, stack(0x00000000264b0000,0x00000000265b0000)]
  0x000000001d5cd000 JavaThread "jar transforms Thread 16" [_thread_blocked, id=14736, stack(0x00000000263b0000,0x00000000264b0000)]
  0x000000001d5cb800 JavaThread "jar transforms Thread 15" [_thread_blocked, id=10816, stack(0x00000000262b0000,0x00000000263b0000)]
  0x000000001d5c8800 JavaThread "jar transforms Thread 14" [_thread_blocked, id=15260, stack(0x00000000261b0000,0x00000000262b0000)]
  0x000000001d5cc800 JavaThread "jar transforms Thread 13" [_thread_blocked, id=18420, stack(0x00000000260b0000,0x00000000261b0000)]
  0x000000001d5ca000 JavaThread "jar transforms Thread 12" [_thread_blocked, id=18264, stack(0x0000000025fb0000,0x00000000260b0000)]
  0x000000001d5cb000 JavaThread "jar transforms Thread 11" [_thread_blocked, id=17448, stack(0x0000000025eb0000,0x0000000025fb0000)]
  0x000000001d548000 JavaThread "jar transforms Thread 10" [_thread_blocked, id=19620, stack(0x0000000025db0000,0x0000000025eb0000)]
  0x000000001d54a000 JavaThread "jar transforms Thread 9" [_thread_blocked, id=17620, stack(0x0000000025cb0000,0x0000000025db0000)]
  0x000000001d549800 JavaThread "jar transforms Thread 8" [_thread_blocked, id=3120, stack(0x0000000025bb0000,0x0000000025cb0000)]
  0x000000001d546800 JavaThread "jar transforms Thread 7" [_thread_blocked, id=14668, stack(0x0000000025ab0000,0x0000000025bb0000)]
  0x000000001d545800 JavaThread "jar transforms Thread 6" [_thread_blocked, id=15108, stack(0x00000000259b0000,0x0000000025ab0000)]
  0x000000001d548800 JavaThread "jar transforms Thread 5" [_thread_blocked, id=14792, stack(0x00000000258b0000,0x00000000259b0000)]
  0x000000001d545000 JavaThread "jar transforms Thread 4" [_thread_blocked, id=6676, stack(0x00000000257b0000,0x00000000258b0000)]
  0x000000001d544000 JavaThread "jar transforms Thread 3" [_thread_blocked, id=5564, stack(0x00000000256b0000,0x00000000257b0000)]
  0x000000001d547000 JavaThread "jar transforms Thread 2" [_thread_blocked, id=16008, stack(0x00000000255b0000,0x00000000256b0000)]
  0x000000001d53c800 JavaThread "Build operations Thread 8" [_thread_blocked, id=17612, stack(0x00000000253b0000,0x00000000254b0000)]
  0x000000001d53f000 JavaThread "Build operations Thread 7" [_thread_blocked, id=14020, stack(0x00000000252b0000,0x00000000253b0000)]
  0x000000001d543800 JavaThread "Build operations Thread 6" [_thread_blocked, id=19784, stack(0x00000000251b0000,0x00000000252b0000)]
  0x000000001d53c000 JavaThread "Build operations Thread 5" [_thread_blocked, id=17080, stack(0x00000000250b0000,0x00000000251b0000)]
  0x000000001d53e000 JavaThread "Build operations Thread 4" [_thread_blocked, id=17264, stack(0x0000000024fb0000,0x00000000250b0000)]
  0x000000001d542800 JavaThread "Build operations Thread 3" [_thread_blocked, id=1672, stack(0x0000000024eb0000,0x0000000024fb0000)]
  0x000000001d541000 JavaThread "Build operations Thread 2" [_thread_blocked, id=9764, stack(0x0000000024db0000,0x0000000024eb0000)]
  0x000000001d540800 JavaThread "Build operations" [_thread_blocked, id=20160, stack(0x0000000024cb0000,0x0000000024db0000)]
  0x000000001b845800 JavaThread "Cache worker for file content cache (D:\Users\rthiruvengadam\.gradle\caches\6.5\fileContent)" [_thread_blocked, id=17084, stack(0x00000000235e0000,0x00000000236e0000)]
  0x000000001b844800 JavaThread "jar transforms" [_thread_blocked, id=12744, stack(0x00000000234e0000,0x00000000235e0000)]
  0x000000001b844000 JavaThread "Cache worker for execution history cache (D:\Users\rthiruvengadam\.gradle\caches\6.5\executionHistory)" [_thread_blocked, id=15008, stack(0x0000000022cd0000,0x0000000022dd0000)]
  0x000000001b84a000 JavaThread "Cache worker for cache directory md-rule (D:\Users\rthiruvengadam\.gradle\caches\6.5\md-rule)" [_thread_blocked, id=12268, stack(0x0000000022bd0000,0x0000000022cd0000)]
  0x000000001b848800 JavaThread "Cache worker for cache directory md-supplier (D:\Users\rthiruvengadam\.gradle\caches\6.5\md-supplier)" [_thread_blocked, id=20064, stack(0x0000000021880000,0x0000000021980000)]
  0x000000001b847000 JavaThread "Cache worker for checksums cache (D:\Users\rthiruvengadam\AndroidStudioProjects\MyFirstApp\.gradle\checksums)" [_thread_blocked, id=17132, stack(0x0000000021780000,0x0000000021880000)]
  0x000000001b843000 JavaThread "Cache worker for file hash cache (D:\Users\rthiruvengadam\AndroidStudioProjects\MyFirstApp\.gradle\6.5\fileHashes)" [_thread_blocked, id=19880, stack(0x0000000022fe0000,0x00000000230e0000)]
  0x000000001b849000 JavaThread "Cache worker for file hash cache (D:\Users\rthiruvengadam\.gradle\caches\6.5\fileHashes)" [_thread_blocked, id=19876, stack(0x000000001f2e0000,0x000000001f3e0000)]
  0x000000001b847800 JavaThread "File lock request listener" [_thread_in_native, id=13412, stack(0x000000001f1e0000,0x000000001f2e0000)]
  0x000000001d392800 JavaThread "Cache worker for journal cache (D:\Users\rthiruvengadam\.gradle\caches\journal-1)" [_thread_blocked, id=16836, stack(0x000000001f0e0000,0x000000001f1e0000)]
  0x000000001d17e800 JavaThread "Thread-9" [_thread_blocked, id=19032, stack(0x000000001ede0000,0x000000001eee0000)]
  0x000000001d23f800 JavaThread "Stdin handler" [_thread_blocked, id=16644, stack(0x000000001ece0000,0x000000001ede0000)]
  0x000000001d23e800 JavaThread "Asynchronous log dispatcher for DefaultDaemonConnection: socket connection from /127.0.0.1:57511 to /127.0.0.1:57512" [_thread_blocked, id=16124, stack(0x000000001ebe0000,0x000000001ece0000)]
  0x000000001d181800 JavaThread "Daemon worker" [_thread_in_vm, id=19728, stack(0x000000001eae0000,0x000000001ebe0000)]
  0x000000001d27d800 JavaThread "Cancel handler" [_thread_blocked, id=16524, stack(0x000000001e8e0000,0x000000001e9e0000)]
  0x000000001d230800 JavaThread "Handler for socket connection from /127.0.0.1:57511 to /127.0.0.1:57512" [_thread_in_native, id=13500, stack(0x000000001e7e0000,0x000000001e8e0000)]
  0x000000001d227800 JavaThread "Daemon" [_thread_blocked, id=17360, stack(0x000000001e6e0000,0x000000001e7e0000)]
  0x000000001d207800 JavaThread "Daemon periodic checks" [_thread_blocked, id=13000, stack(0x000000001e3e0000,0x000000001e4e0000)]
  0x000000001d138000 JavaThread "Incoming local TCP Connector on port 57511" [_thread_in_native, id=14076, stack(0x000000001e1a0000,0x000000001e2a0000)]
  0x000000001d0bc800 JavaThread "Daemon health stats" [_thread_blocked, id=9472, stack(0x000000001dea0000,0x000000001dfa0000)]
  0x000000001a6c8000 JavaThread "Service Thread" daemon [_thread_blocked, id=19288, stack(0x000000001b300000,0x000000001b400000)]
  0x000000001a63c800 JavaThread "C1 CompilerThread3" daemon [_thread_blocked, id=17348, stack(0x000000001b200000,0x000000001b300000)]
  0x000000001a639000 JavaThread "C2 CompilerThread2" daemon [_thread_in_native, id=16500, stack(0x000000001b100000,0x000000001b200000)]
=>0x000000001884b800 JavaThread "C2 CompilerThread1" daemon [_thread_in_native, id=2416, stack(0x000000001b000000,0x000000001b100000)]
  0x000000001a636800 JavaThread "C2 CompilerThread0" daemon [_thread_in_native, id=16480, stack(0x000000001af00000,0x000000001b000000)]
  0x000000001a635000 JavaThread "Attach Listener" daemon [_thread_blocked, id=14864, stack(0x000000001ae00000,0x000000001af00000)]
  0x000000001a634000 JavaThread "Signal Dispatcher" daemon [_thread_blocked, id=16180, stack(0x000000001ad00000,0x000000001ae00000)]
  0x00000000037ce000 JavaThread "Finalizer" daemon [_thread_blocked, id=908, stack(0x000000001ab00000,0x000000001ac00000)]
  0x00000000037c7000 JavaThread "Reference Handler" daemon [_thread_blocked, id=19440, stack(0x000000001aa00000,0x000000001ab00000)]
  0x000000000309e800 JavaThread "main" [_thread_blocked, id=4676, stack(0x0000000003510000,0x0000000003610000)]

Other Threads:
  0x0000000018836000 VMThread [stack: 0x000000001a500000,0x000000001a600000] [id=18784]
  0x000000001a6c9000 WatcherThread [stack: 0x000000001b400000,0x000000001b500000] [id=16636]

VM state:not at safepoint (normal execution)

VM Mutex/Monitor currently owned by a thread: None

heap address: 0x0000000080000000, size: 2048 MB, Compressed Oops mode: 32-bit
Narrow klass base: 0x0000000000000000, Narrow klass shift: 3
Compressed class space size: 1073741824 Address: 0x0000000100000000

Heap:
 PSYoungGen      total 203264K, used 41818K [0x00000000d5580000, 0x00000000e4900000, 0x0000000100000000)
  eden space 186368K, 22% used [0x00000000d5580000,0x00000000d7e56b28,0x00000000e0b80000)
  from space 16896K, 0% used [0x00000000e1e00000,0x00000000e1e00000,0x00000000e2e80000)
  to   space 18944K, 0% used [0x00000000e0b80000,0x00000000e0b80000,0x00000000e1e00000)
 ParOldGen       total 235520K, used 38233K [0x0000000080000000, 0x000000008e600000, 0x00000000d5580000)
  object space 235520K, 16% used [0x0000000080000000,0x00000000825565e8,0x000000008e600000)
 Metaspace       used 59232K, capacity 61604K, committed 61720K, reserved 1101824K
  class space    used 8193K, capacity 8695K, committed 8752K, reserved 1048576K

Card table byte_map: [0x0000000012b90000,0x0000000012fa0000] byte_map_base: 0x0000000012790000

Marking Bits: (ParMarkBitMap*) 0x000000006578f030
 Begin Bits: [0x0000000013a50000, 0x0000000015a50000)
 End Bits:   [0x0000000015a50000, 0x0000000017a50000)

Polling page: 0x0000000001870000

CodeCache: size=245760Kb used=18405Kb max_used=18405Kb free=227354Kb
 bounds [0x00000000037d0000, 0x00000000049e0000, 0x00000000127d0000]
 total_blobs=6009 nmethods=5233 adapters=689
 compilation: enabled

Compilation events (10 events):
Event: 6.048 Thread 0x000000001a63c800 nmethod 5278 0x00000000049d0b90 code [0x00000000049d0da0, 0x00000000049d18b8]
Event: 6.048 Thread 0x000000001a63c800 5276       3       org.gradle.api.internal.artifacts.configurations.DefaultConfiguration::getExtendsFrom (8 bytes)
Event: 6.048 Thread 0x000000001a63c800 nmethod 5276 0x00000000049d1e50 code [0x00000000049d1fe0, 0x00000000049d2408]
Event: 6.048 Thread 0x000000001a63c800 5279       3       org.gradle.api.internal.tasks.AbstractTaskDependency::<init> (5 bytes)
Event: 6.048 Thread 0x000000001a63c800 nmethod 5279 0x00000000049d2650 code [0x00000000049d27a0, 0x00000000049d2950]
Event: 6.049 Thread 0x000000001a63c800 5280       3       sun.reflect.ClassFileAssembler::<init> (30 bytes)
Event: 6.049 Thread 0x000000001a63c800 nmethod 5280 0x00000000049d2a10 code [0x00000000049d2b60, 0x00000000049d2d50]
Event: 6.049 Thread 0x000000001a63c800 5281       3       sun.reflect.ClassFileAssembler::getMaxLocals (6 bytes)
Event: 6.049 Thread 0x000000001a63c800 nmethod 5281 0x00000000049d2e10 code [0x00000000049d2f60, 0x00000000049d30b0]
Event: 6.050 Thread 0x000000001a63c800 5282       3       com.google.common.collect.Hashing::needsResizing (22 bytes)

GC Heap History (10 events):
Event: 3.197 GC heap before
{Heap before GC invocations=9 (full 2):
 PSYoungGen      total 114688K, used 8111K [0x00000000d5580000, 0x00000000e1100000, 0x0000000100000000)
  eden space 102912K, 0% used [0x00000000d5580000,0x00000000d5580000,0x00000000dba00000)
  from space 11776K, 68% used [0x00000000dba00000,0x00000000dc1ebd20,0x00000000dc580000)
  to   space 11264K, 0% used [0x00000000e0600000,0x00000000e0600000,0x00000000e1100000)
 ParOldGen       total 98304K, used 7423K [0x0000000080000000, 0x0000000086000000, 0x00000000d5580000)
  object space 98304K, 7% used [0x0000000080000000,0x000000008073fd78,0x0000000086000000)
 Metaspace       used 34281K, capacity 35398K, committed 35496K, reserved 1079296K
  class space    used 4724K, capacity 5002K, committed 5040K, reserved 1048576K
Event: 3.232 GC heap after
Heap after GC invocations=9 (full 2):
 PSYoungGen      total 114688K, used 0K [0x00000000d5580000, 0x00000000e1100000, 0x0000000100000000)
  eden space 102912K, 0% used [0x00000000d5580000,0x00000000d5580000,0x00000000dba00000)
  from space 11776K, 0% used [0x00000000dba00000,0x00000000dba00000,0x00000000dc580000)
  to   space 11264K, 0% used [0x00000000e0600000,0x00000000e0600000,0x00000000e1100000)
 ParOldGen       total 151552K, used 14534K [0x0000000080000000, 0x0000000089400000, 0x00000000d5580000)
  object space 151552K, 9% used [0x0000000080000000,0x0000000080e31ae8,0x0000000089400000)
 Metaspace       used 34281K, capacity 35398K, committed 35496K, reserved 1079296K
  class space    used 4724K, capacity 5002K, committed 5040K, reserved 1048576K
}
Event: 3.827 GC heap before
{Heap before GC invocations=10 (full 2):
 PSYoungGen      total 114688K, used 102912K [0x00000000d5580000, 0x00000000e1100000, 0x0000000100000000)
  eden space 102912K, 100% used [0x00000000d5580000,0x00000000dba00000,0x00000000dba00000)
  from space 11776K, 0% used [0x00000000dba00000,0x00000000dba00000,0x00000000dc580000)
  to   space 11264K, 0% used [0x00000000e0600000,0x00000000e0600000,0x00000000e1100000)
 ParOldGen       total 151552K, used 14534K [0x0000000080000000, 0x0000000089400000, 0x00000000d5580000)
  object space 151552K, 9% used [0x0000000080000000,0x0000000080e31ae8,0x0000000089400000)
 Metaspace       used 38003K, capacity 39698K, committed 39976K, reserved 1083392K
  class space    used 5250K, capacity 5593K, committed 5680K, reserved 1048576K
Event: 3.832 GC heap after
Heap after GC invocations=10 (full 2):
 PSYoungGen      total 157696K, used 7814K [0x00000000d5580000, 0x00000000e0e00000, 0x0000000100000000)
  eden space 149504K, 0% used [0x00000000d5580000,0x00000000d5580000,0x00000000de780000)
  from space 8192K, 95% used [0x00000000e0600000,0x00000000e0da1b90,0x00000000e0e00000)
  to   space 11264K, 0% used [0x00000000df800000,0x00000000df800000,0x00000000e0300000)
 ParOldGen       total 151552K, used 14542K [0x0000000080000000, 0x0000000089400000, 0x00000000d5580000)
  object space 151552K, 9% used [0x0000000080000000,0x0000000080e33ae8,0x0000000089400000)
 Metaspace       used 38003K, capacity 39698K, committed 39976K, reserved 1083392K
  class space    used 5250K, capacity 5593K, committed 5680K, reserved 1048576K
}
Event: 5.098 GC heap before
{Heap before GC invocations=11 (full 2):
 PSYoungGen      total 157696K, used 157318K [0x00000000d5580000, 0x00000000e0e00000, 0x0000000100000000)
  eden space 149504K, 100% used [0x00000000d5580000,0x00000000de780000,0x00000000de780000)
  from space 8192K, 95% used [0x00000000e0600000,0x00000000e0da1b90,0x00000000e0e00000)
  to   space 11264K, 0% used [0x00000000df800000,0x00000000df800000,0x00000000e0300000)
 ParOldGen       total 151552K, used 14542K [0x0000000080000000, 0x0000000089400000, 0x00000000d5580000)
  object space 151552K, 9% used [0x0000000080000000,0x0000000080e33ae8,0x0000000089400000)
 Metaspace       used 52131K, capacity 54208K, committed 54312K, reserved 1095680K
  class space    used 6982K, capacity 7428K, committed 7472K, reserved 1048576K
Event: 5.113 GC heap after
Heap after GC invocations=11 (full 2):
 PSYoungGen      total 177664K, used 11252K [0x00000000d5580000, 0x00000000e2e80000, 0x0000000100000000)
  eden space 166400K, 0% used [0x00000000d5580000,0x00000000d5580000,0x00000000df800000)
  from space 11264K, 99% used [0x00000000df800000,0x00000000e02fd320,0x00000000e0300000)
  to   space 16896K, 0% used [0x00000000e1e00000,0x00000000e1e00000,0x00000000e2e80000)
 ParOldGen       total 151552K, used 26686K [0x0000000080000000, 0x0000000089400000, 0x00000000d5580000)
  object space 151552K, 17% used [0x0000000080000000,0x0000000081a0f970,0x0000000089400000)
 Metaspace       used 52131K, capacity 54208K, committed 54312K, reserved 1095680K
  class space    used 6982K, capacity 7428K, committed 7472K, reserved 1048576K
}
Event: 5.588 GC heap before
{Heap before GC invocations=12 (full 2):
 PSYoungGen      total 177664K, used 62505K [0x00000000d5580000, 0x00000000e2e80000, 0x0000000100000000)
  eden space 166400K, 30% used [0x00000000d5580000,0x00000000d878d270,0x00000000df800000)
  from space 11264K, 99% used [0x00000000df800000,0x00000000e02fd320,0x00000000e0300000)
  to   space 16896K, 0% used [0x00000000e1e00000,0x00000000e1e00000,0x00000000e2e80000)
 ParOldGen       total 151552K, used 26686K [0x0000000080000000, 0x0000000089400000, 0x00000000d5580000)
  object space 151552K, 17% used [0x0000000080000000,0x0000000081a0f970,0x0000000089400000)
 Metaspace       used 56742K, capacity 59120K, committed 59160K, reserved 1099776K
  class space    used 7775K, capacity 8221K, committed 8240K, reserved 1048576K
Event: 5.599 GC heap after
Heap after GC invocations=12 (full 2):
 PSYoungGen      total 203264K, used 16881K [0x00000000d5580000, 0x00000000e4900000, 0x0000000100000000)
  eden space 186368K, 0% used [0x00000000d5580000,0x00000000d5580000,0x00000000e0b80000)
  from space 16896K, 99% used [0x00000000e1e00000,0x00000000e2e7c6c8,0x00000000e2e80000)
  to   space 18944K, 0% used [0x00000000e0b80000,0x00000000e0b80000,0x00000000e1e00000)
 ParOldGen       total 151552K, used 26921K [0x0000000080000000, 0x0000000089400000, 0x00000000d5580000)
  object space 151552K, 17% used [0x0000000080000000,0x0000000081a4a550,0x0000000089400000)
 Metaspace       used 56742K, capacity 59120K, committed 59160K, reserved 1099776K
  class space    used 7775K, capacity 8221K, committed 8240K, reserved 1048576K
}
Event: 5.599 GC heap before
{Heap before GC invocations=13 (full 3):
 PSYoungGen      total 203264K, used 16881K [0x00000000d5580000, 0x00000000e4900000, 0x0000000100000000)
  eden space 186368K, 0% used [0x00000000d5580000,0x00000000d5580000,0x00000000e0b80000)
  from space 16896K, 99% used [0x00000000e1e00000,0x00000000e2e7c6c8,0x00000000e2e80000)
  to   space 18944K, 0% used [0x00000000e0b80000,0x00000000e0b80000,0x00000000e1e00000)
 ParOldGen       total 151552K, used 26921K [0x0000000080000000, 0x0000000089400000, 0x00000000d5580000)
  object space 151552K, 17% used [0x0000000080000000,0x0000000081a4a550,0x0000000089400000)
 Metaspace       used 56742K, capacity 59120K, committed 59160K, reserved 1099776K
  class space    used 7775K, capacity 8221K, committed 8240K, reserved 1048576K
Event: 5.775 GC heap after
Heap after GC invocations=13 (full 3):
 PSYoungGen      total 203264K, used 0K [0x00000000d5580000, 0x00000000e4900000, 0x0000000100000000)
  eden space 186368K, 0% used [0x00000000d5580000,0x00000000d5580000,0x00000000e0b80000)
  from space 16896K, 0% used [0x00000000e1e00000,0x00000000e1e00000,0x00000000e2e80000)
  to   space 18944K, 0% used [0x00000000e0b80000,0x00000000e0b80000,0x00000000e1e00000)
 ParOldGen       total 235520K, used 38233K [0x0000000080000000, 0x000000008e600000, 0x00000000d5580000)
  object space 235520K, 16% used [0x0000000080000000,0x00000000825565e8,0x000000008e600000)
 Metaspace       used 56693K, capacity 58952K, committed 59160K, reserved 1099776K
  class space    used 7759K, capacity 8193K, committed 8240K, reserved 1048576K
}

Deoptimization events (10 events):
Event: 5.471 Thread 0x000000001d181800 Uncommon trap: reason=unstable_if action=reinterpret pc=0x000000000464eea0 method=java.util.HashMap.getNode(ILjava/lang/Object;)Ljava/util/HashMap$Node; @ 84
Event: 5.485 Thread 0x000000001d181800 Uncommon trap: reason=unstable_if action=reinterpret pc=0x0000000004250040 method=java.io.WinNTFileSystem.normalize(Ljava/lang/String;)Ljava/lang/String; @ 74
Event: 5.485 Thread 0x000000001d181800 Uncommon trap: reason=unstable_if action=reinterpret pc=0x0000000003cca214 method=java.io.WinNTFileSystem.normalize(Ljava/lang/String;II)Ljava/lang/String; @ 103
Event: 5.781 Thread 0x000000001d181800 Uncommon trap: reason=bimorphic action=maybe_recompile pc=0x00000000046a3cd4 method=java.util.regex.Pattern$5.isSatisfiedBy(I)Z @ 16
Event: 5.781 Thread 0x000000001d181800 Uncommon trap: reason=bimorphic action=maybe_recompile pc=0x00000000046a3cd4 method=java.util.regex.Pattern$5.isSatisfiedBy(I)Z @ 16
Event: 5.781 Thread 0x000000001d181800 Uncommon trap: reason=bimorphic action=maybe_recompile pc=0x00000000046a3cd4 method=java.util.regex.Pattern$5.isSatisfiedBy(I)Z @ 16
Event: 5.781 Thread 0x000000001d181800 Uncommon trap: reason=bimorphic action=maybe_recompile pc=0x00000000046a3cd4 method=java.util.regex.Pattern$5.isSatisfiedBy(I)Z @ 16
Event: 5.971 Thread 0x000000001d181800 Uncommon trap: reason=unstable_if action=reinterpret pc=0x0000000003da63a8 method=java.util.regex.Pattern$BmpCharProperty.match(Ljava/util/regex/Matcher;ILjava/lang/CharSequence;)Z @ 34
Event: 5.979 Thread 0x000000001d181800 Uncommon trap: reason=unstable_if action=reinterpret pc=0x00000000046ea8d8 method=com.sun.org.apache.xerces.internal.impl.XMLEntityScanner.scanLiteral(ILcom/sun/org/apache/xerces/internal/xni/XMLString;Z)I @ 660
Event: 6.007 Thread 0x000000001d181800 Uncommon trap: reason=unstable_if action=reinterpret pc=0x0000000004679318 method=com.google.gson.stream.JsonReader.doPeek()I @ 315

Classes redefined (0 events):
No events

Internal exceptions (10 events):
Event: 5.804 Thread 0x000000001d181800 Exception <a 'java/lang/ClassNotFoundException': com/sun/org/glassfish/hk2/osgiresourcelocator/ServiceLoader> (0x00000000d5ccdce0) thrown at [C:\src\AOSP-openjdk-git\hotspot\src\share\vm\classfile\systemDictionary.cpp, line 210]
Event: 5.836 Thread 0x000000001d181800 Exception <a 'java/lang/NullPointerException'> (0x00000000d614b710) thrown at [C:\src\AOSP-openjdk-git\hotspot\src\share\vm\interpreter\linkResolver.cpp, line 1287]
Event: 6.019 Thread 0x000000001d181800 Exception <a 'java/lang/ClassNotFoundException': org/gradle/api/internal/file/collections/DefaultConfigurableFileTreeBeanInfo> (0x00000000d76d9ba0) thrown at [C:\src\AOSP-openjdk-git\hotspot\src\share\vm\classfile\systemDictionary.cpp, line 210]
Event: 6.019 Thread 0x000000001d181800 Exception <a 'java/lang/ClassNotFoundException': org/gradle/api/internal/file/CompositeFileTreeBeanInfo> (0x00000000d76f3090) thrown at [C:\src\AOSP-openjdk-git\hotspot\src\share\vm\classfile\systemDictionary.cpp, line 210]
Event: 6.019 Thread 0x000000001d181800 Exception <a 'java/lang/ClassNotFoundException': org/gradle/api/internal/file/CompositeFileCollectionBeanInfo> (0x00000000d770e340) thrown at [C:\src\AOSP-openjdk-git\hotspot\src\share\vm\classfile\systemDictionary.cpp, line 210]
Event: 6.020 Thread 0x000000001d181800 Exception <a 'java/lang/ClassNotFoundException': org/gradle/api/internal/file/AbstractFileCollectionBeanInfo> (0x00000000d77295f0) thrown at [C:\src\AOSP-openjdk-git\hotspot\src\share\vm\classfile\systemDictionary.cpp, line 210]
Event: 6.020 Thread 0x000000001d181800 Exception <a 'java/lang/ClassNotFoundException': org/gradle/api/internal/file/AbstractFileCollectionCustomizer> (0x00000000d7744ea0) thrown at [C:\src\AOSP-openjdk-git\hotspot\src\share\vm\classfile\systemDictionary.cpp, line 210]
Event: 6.020 Thread 0x000000001d181800 Exception <a 'java/lang/ClassNotFoundException': org/gradle/api/internal/file/CompositeFileCollectionCustomizer> (0x00000000d7771be8) thrown at [C:\src\AOSP-openjdk-git\hotspot\src\share\vm\classfile\systemDictionary.cpp, line 210]
Event: 6.021 Thread 0x000000001d181800 Exception <a 'java/lang/ClassNotFoundException': org/gradle/api/internal/file/CompositeFileTreeCustomizer> (0x00000000d7797e08) thrown at [C:\src\AOSP-openjdk-git\hotspot\src\share\vm\classfile\systemDictionary.cpp, line 210]
Event: 6.021 Thread 0x000000001d181800 Exception <a 'java/lang/ClassNotFoundException': org/gradle/api/internal/file/collections/DefaultConfigurableFileTreeCustomizer> (0x00000000d77c4990) thrown at [C:\src\AOSP-openjdk-git\hotspot\src\share\vm\classfile\systemDictionary.cpp, line 210]

Events (10 events):
Event: 6.041 loading class org/gradle/api/internal/provider/MapCollectors$EntriesFromMapProvider
Event: 6.041 loading class org/gradle/api/internal/provider/MapCollectors$EntriesFromMapProvider done
Event: 6.042 loading class org/gradle/api/internal/artifacts/ivyservice/InMemoryResolutionResultBuilder
Event: 6.042 loading class org/gradle/api/internal/artifacts/ivyservice/InMemoryResolutionResultBuilder done
Event: 6.043 loading class org/gradle/api/internal/artifacts/ivyservice/ivyresolve/NoRepositoriesResolver
Event: 6.043 loading class org/gradle/api/internal/artifacts/ivyservice/ivyresolve/NoRepositoriesResolver done
Event: 6.044 loading class org/gradle/api/internal/artifacts/ivyservice/moduleconverter/DefaultRootComponentMetadataBuilder$1
Event: 6.044 loading class org/gradle/api/internal/artifacts/ivyservice/moduleconverter/DefaultRootComponentMetadataBuilder$1 done
Event: 6.047 loading class org/gradle/internal/component/local/model/PublishArtifactLocalArtifactMetadata
Event: 6.047 loading class org/gradle/internal/component/local/model/PublishArtifactLocalArtifactMetadata done


Dynamic libraries:
0x00007ff65c130000 - 0x00007ff65c161000 	C:\Program Files\Android\Android Studio\jre\bin\java.exe
0x00007ffc767e0000 - 0x00007ffc769d0000 	C:\Windows\SYSTEM32\ntdll.dll
0x00007ffc74890000 - 0x00007ffc74942000 	C:\Windows\System32\KERNEL32.DLL
0x00007ffc74540000 - 0x00007ffc747e5000 	C:\Windows\System32\KERNELBASE.dll
0x00007ffc75200000 - 0x00007ffc752a3000 	C:\Windows\System32\ADVAPI32.dll
0x00007ffc75af0000 - 0x00007ffc75b8e000 	C:\Windows\System32\msvcrt.dll
0x00007ffc74bc0000 - 0x00007ffc74c57000 	C:\Windows\System32\sechost.dll
0x00007ffc75630000 - 0x00007ffc75750000 	C:\Windows\System32\RPCRT4.dll
0x00007ffc757e0000 - 0x00007ffc75974000 	C:\Windows\System32\USER32.dll
0x00007ffc73810000 - 0x00007ffc73831000 	C:\Windows\System32\win32u.dll
0x00007ffc75ac0000 - 0x00007ffc75ae6000 	C:\Windows\System32\GDI32.dll
0x00007ffc74180000 - 0x00007ffc74316000 	C:\Windows\System32\gdi32full.dll
0x00007ffc747f0000 - 0x00007ffc7488e000 	C:\Windows\System32\msvcp_win.dll
0x00007ffc74350000 - 0x00007ffc7444a000 	C:\Windows\System32\ucrtbase.dll
0x00007ffc62380000 - 0x00007ffc62604000 	C:\Windows\WinSxS\amd64_microsoft.windows.common-controls_6595b64144ccf1df_6.0.18362.1198_none_9e820b57e45ad92f\COMCTL32.dll
0x00007ffc76460000 - 0x00007ffc76795000 	C:\Windows\System32\combase.dll
0x00007ffc74470000 - 0x00007ffc744f0000 	C:\Windows\System32\bcryptPrimitives.dll
0x00007ffc76280000 - 0x00007ffc762ae000 	C:\Windows\System32\IMM32.DLL
0x00007ffc483d0000 - 0x00007ffc48483000 	C:\Program Files\McAfee\Endpoint Security\Threat Prevention\Ips\EpMPApi.dll
0x00007ffc73840000 - 0x00007ffc7389c000 	C:\Windows\System32\WINTRUST.dll
0x00007ffc736f0000 - 0x00007ffc73702000 	C:\Windows\System32\MSASN1.dll
0x00007ffc74030000 - 0x00007ffc74179000 	C:\Windows\System32\CRYPT32.dll
0x0000000065a90000 - 0x0000000065a9c000 	C:\Program Files\McAfee\Endpoint Security\Threat Prevention\Ips\EpMPThe.dll
0x00007ffc50280000 - 0x00007ffc5029b000 	C:\Program Files\McAfee\Endpoint Security\Threat Prevention\Ips\HIPHandlers64.dll
0x00007ffc755d0000 - 0x00007ffc75622000 	C:\Windows\System32\SHLWAPI.dll
0x0000000065960000 - 0x0000000065a32000 	C:\Program Files\Android\Android Studio\jre\jre\bin\msvcr100.dll
0x0000000064fc0000 - 0x000000006580b000 	C:\Program Files\Android\Android Studio\jre\jre\bin\server\jvm.dll
0x00007ffc759e0000 - 0x00007ffc759e8000 	C:\Windows\System32\PSAPI.DLL
0x00007ffc6fd40000 - 0x00007ffc6fd64000 	C:\Windows\SYSTEM32\WINMM.dll
0x00007ffc57cc0000 - 0x00007ffc57cc9000 	C:\Windows\SYSTEM32\WSOCK32.dll
0x00007ffc6e480000 - 0x00007ffc6e48a000 	C:\Windows\SYSTEM32\VERSION.dll
0x00007ffc75470000 - 0x00007ffc754df000 	C:\Windows\System32\WS2_32.dll
0x00007ffc6fd10000 - 0x00007ffc6fd3d000 	C:\Windows\SYSTEM32\WINMMBASE.dll
0x00007ffc744f0000 - 0x00007ffc7453a000 	C:\Windows\System32\cfgmgr32.dll
0x00007ffc70320000 - 0x00007ffc7032f000 	C:\Program Files\Android\Android Studio\jre\jre\bin\verify.dll
0x00007ffc702c0000 - 0x00007ffc702e9000 	C:\Program Files\Android\Android Studio\jre\jre\bin\java.dll
0x00007ffc6fe50000 - 0x00007ffc6fe66000 	C:\Program Files\Android\Android Studio\jre\jre\bin\zip.dll
0x00007ffc75b90000 - 0x00007ffc76277000 	C:\Windows\System32\SHELL32.dll
0x00007ffc74a90000 - 0x00007ffc74b39000 	C:\Windows\System32\shcore.dll
0x00007ffc738a0000 - 0x00007ffc74021000 	C:\Windows\System32\windows.storage.dll
0x00007ffc736c0000 - 0x00007ffc736e3000 	C:\Windows\System32\profapi.dll
0x00007ffc73710000 - 0x00007ffc7375a000 	C:\Windows\System32\powrprof.dll
0x00007ffc73690000 - 0x00007ffc736a0000 	C:\Windows\System32\UMPDC.dll
0x00007ffc736a0000 - 0x00007ffc736b1000 	C:\Windows\System32\kernel.appcore.dll
0x00007ffc74450000 - 0x00007ffc74467000 	C:\Windows\System32\cryptsp.dll
0x00007ffc6fd80000 - 0x00007ffc6fd9a000 	C:\Program Files\Android\Android Studio\jre\jre\bin\net.dll
0x00007ffc72e80000 - 0x00007ffc72ee7000 	C:\Windows\system32\mswsock.dll
0x00007ffc3a5a0000 - 0x00007ffc3a5b3000 	C:\Program Files\Android\Android Studio\jre\jre\bin\nio.dll
0x00007ffc33160000 - 0x00007ffc33187000 	D:\Users\rthiruvengadam\.gradle\native\f6784746aeab05261644944871eae4fe03e0ef1612fff0a4a95f87b438bc6780\windows-amd64\native-platform.dll
0x00007ffc70310000 - 0x00007ffc7031d000 	C:\Program Files\Android\Android Studio\jre\jre\bin\management.dll
0x00007ffc729f0000 - 0x00007ffc72a23000 	C:\Windows\system32\rsaenh.dll
0x00007ffc74320000 - 0x00007ffc74346000 	C:\Windows\System32\bcrypt.dll
0x00007ffc735b0000 - 0x00007ffc735d5000 	C:\Windows\SYSTEM32\USERENV.dll
0x00007ffc73050000 - 0x00007ffc7305c000 	C:\Windows\SYSTEM32\CRYPTBASE.dll
0x00007ffc72b90000 - 0x00007ffc72bca000 	C:\Windows\SYSTEM32\IPHLPAPI.DLL
0x00007ffc751f0000 - 0x00007ffc751f8000 	C:\Windows\System32\NSI.dll
0x00007ffc6f8e0000 - 0x00007ffc6f8f6000 	C:\Windows\SYSTEM32\dhcpcsvc6.DLL
0x00007ffc6f8c0000 - 0x00007ffc6f8dc000 	C:\Windows\SYSTEM32\dhcpcsvc.DLL
0x00007ffc72bd0000 - 0x00007ffc72c9b000 	C:\Windows\SYSTEM32\DNSAPI.dll
0x00007ffc70040000 - 0x00007ffc7004b000 	C:\Windows\SYSTEM32\WINNSI.DLL

VM Arguments:
jvm_args: -Xmx2048m -Dfile.encoding=UTF-8 -Duser.country=US -Duser.language=en -Duser.variant 
java_command: org.gradle.launcher.daemon.bootstrap.GradleDaemon 6.5
java_class_path (initial): D:\Users\rthiruvengadam\.gradle\wrapper\dists\gradle-6.5-all\2oz4ud9k3tuxjg84bbf55q0tn\gradle-6.5\lib\gradle-launcher-6.5.jar
Launcher Type: SUN_STANDARD

Environment Variables:
JAVA_HOME=C:\Program Files\Java
PATH=C:\Windows\system32;C:\Windows;C:\Windows\System32\Wbem;C:\Windows\System32\WindowsPowerShell\v1.0\;C:\Windows\System32\OpenSSH\;C:\Program Files\Intel\WiFi\bin\;C:\Program Files\Common Files\Intel\WirelessCommon\;C:\Program Files\PuTTY\;C:\Program Files\Java\bin;C:\Program Files\Git\cmd;D:\Users\rthiruvengadam\Anaconda3;D:\Users\rthiruvengadam\Anaconda3\Library\mingw-w64\bin;D:\Users\rthiruvengadam\Anaconda3\Library\usr\bin;D:\Users\rthiruvengadam\Anaconda3\Library\bin;D:\Users\rthiruvengadam\Anaconda3\Scripts;D:\Users\rthiruvengadam\AppData\Local\Microsoft\WindowsApps;D:\Users\rthiruvengadam\AppData\Local\Programs\Microsoft VS Code\bin;C:\Program Files (x86)\GitHub CLI\;D:\Users\rthiruvengadam\AppData\Local\GitHubDesktop\bin
USERNAME=rthiruvengadam
OS=Windows_NT
PROCESSOR_IDENTIFIER=Intel64 Family 6 Model 142 Stepping 12, GenuineIntel



---------------  S Y S T E M  ---------------

OS: Windows 10.0 , 64 bit Build 18362 (10.0.18362.1110)

CPU:total 8 (initial active 8) (4 cores per cpu, 2 threads per core) family 6 model 142 stepping 12, cmov, cx8, fxsr, mmx, sse, sse2, sse3, ssse3, sse4.1, sse4.2, popcnt, avx, avx2, aes, clmul, erms, 3dnowpref, lzcnt, ht, tsc, tscinvbit, bmi1, bmi2, adx

Memory: 4k page, physical 16551896k(2427128k free), swap 16551896k(4148k free)

vm_info: OpenJDK 64-Bit Server VM (25.242-b01) for windows-amd64 JRE (1.8.0_242-release-1644-b01), built by "builder" with MS VC++ 10.0 (VS2010)

time: Mon Jan 04 07:39:29 2021
timezone: India Standard Time
elapsed time: 6 seconds (0d 0h 0m 6s)

